

Started GET "/" for ::1 at 2015-11-07 10:13:23 -0800

ActionController::RoutingError (uninitialized constant IndexController):
  activesupport (4.2.4) lib/active_support/inflector/methods.rb:261:in `const_get'
  activesupport (4.2.4) lib/active_support/inflector/methods.rb:261:in `block in constantize'
  activesupport (4.2.4) lib/active_support/inflector/methods.rb:259:in `each'
  activesupport (4.2.4) lib/active_support/inflector/methods.rb:259:in `inject'
  activesupport (4.2.4) lib/active_support/inflector/methods.rb:259:in `constantize'
  actionpack (4.2.4) lib/action_dispatch/routing/route_set.rb:72:in `controller_reference'
  actionpack (4.2.4) lib/action_dispatch/routing/route_set.rb:62:in `controller'
  actionpack (4.2.4) lib/action_dispatch/routing/route_set.rb:41:in `serve'
  actionpack (4.2.4) lib/action_dispatch/journey/router.rb:43:in `block in serve'
  actionpack (4.2.4) lib/action_dispatch/journey/router.rb:30:in `each'
  actionpack (4.2.4) lib/action_dispatch/journey/router.rb:30:in `serve'
  actionpack (4.2.4) lib/action_dispatch/routing/route_set.rb:821:in `call'
  rack (1.6.4) lib/rack/etag.rb:24:in `call'
  rack (1.6.4) lib/rack/conditionalget.rb:25:in `call'
  rack (1.6.4) lib/rack/head.rb:13:in `call'
  actionpack (4.2.4) lib/action_dispatch/middleware/params_parser.rb:27:in `call'
  actionpack (4.2.4) lib/action_dispatch/middleware/flash.rb:260:in `call'
  rack (1.6.4) lib/rack/session/abstract/id.rb:225:in `context'
  rack (1.6.4) lib/rack/session/abstract/id.rb:220:in `call'
  actionpack (4.2.4) lib/action_dispatch/middleware/cookies.rb:560:in `call'
  activerecord (4.2.4) lib/active_record/query_cache.rb:36:in `call'
  activerecord (4.2.4) lib/active_record/connection_adapters/abstract/connection_pool.rb:653:in `call'
  activerecord (4.2.4) lib/active_record/migration.rb:377:in `call'
  actionpack (4.2.4) lib/action_dispatch/middleware/callbacks.rb:29:in `block in call'
  activesupport (4.2.4) lib/active_support/callbacks.rb:88:in `__run_callbacks__'
  activesupport (4.2.4) lib/active_support/callbacks.rb:778:in `_run_call_callbacks'
  activesupport (4.2.4) lib/active_support/callbacks.rb:81:in `run_callbacks'
  actionpack (4.2.4) lib/action_dispatch/middleware/callbacks.rb:27:in `call'
  actionpack (4.2.4) lib/action_dispatch/middleware/reloader.rb:73:in `call'
  actionpack (4.2.4) lib/action_dispatch/middleware/remote_ip.rb:78:in `call'
  actionpack (4.2.4) lib/action_dispatch/middleware/debug_exceptions.rb:17:in `call'
  web-console (2.2.1) lib/web_console/middleware.rb:39:in `call'
  actionpack (4.2.4) lib/action_dispatch/middleware/show_exceptions.rb:30:in `call'
  railties (4.2.4) lib/rails/rack/logger.rb:38:in `call_app'
  railties (4.2.4) lib/rails/rack/logger.rb:20:in `block in call'
  activesupport (4.2.4) lib/active_support/tagged_logging.rb:68:in `block in tagged'
  activesupport (4.2.4) lib/active_support/tagged_logging.rb:26:in `tagged'
  activesupport (4.2.4) lib/active_support/tagged_logging.rb:68:in `tagged'
  railties (4.2.4) lib/rails/rack/logger.rb:20:in `call'
  actionpack (4.2.4) lib/action_dispatch/middleware/request_id.rb:21:in `call'
  rack (1.6.4) lib/rack/methodoverride.rb:22:in `call'
  rack (1.6.4) lib/rack/runtime.rb:18:in `call'
  activesupport (4.2.4) lib/active_support/cache/strategy/local_cache_middleware.rb:28:in `call'
  rack (1.6.4) lib/rack/lock.rb:17:in `call'
  actionpack (4.2.4) lib/action_dispatch/middleware/static.rb:116:in `call'
  rack (1.6.4) lib/rack/sendfile.rb:113:in `call'
  railties (4.2.4) lib/rails/engine.rb:518:in `call'
  railties (4.2.4) lib/rails/application.rb:165:in `call'
  rack (1.6.4) lib/rack/lock.rb:17:in `call'
  rack (1.6.4) lib/rack/content_length.rb:15:in `call'
  rack (1.6.4) lib/rack/handler/webrick.rb:88:in `service'
  /Users/kylehoang/.rvm/rubies/ruby-2.2.1/lib/ruby/2.2.0/webrick/httpserver.rb:138:in `service'
  /Users/kylehoang/.rvm/rubies/ruby-2.2.1/lib/ruby/2.2.0/webrick/httpserver.rb:94:in `run'
  /Users/kylehoang/.rvm/rubies/ruby-2.2.1/lib/ruby/2.2.0/webrick/server.rb:294:in `block in start_thread'


  Rendered /Users/kylehoang/.rvm/gems/ruby-2.2.1/gems/actionpack-4.2.4/lib/action_dispatch/middleware/templates/rescues/_trace.html.erb (4.9ms)
  Rendered /Users/kylehoang/.rvm/gems/ruby-2.2.1/gems/actionpack-4.2.4/lib/action_dispatch/middleware/templates/routes/_route.html.erb (1.9ms)
  Rendered /Users/kylehoang/.rvm/gems/ruby-2.2.1/gems/actionpack-4.2.4/lib/action_dispatch/middleware/templates/routes/_table.html.erb (20.8ms)
  Rendered /Users/kylehoang/.rvm/gems/ruby-2.2.1/gems/actionpack-4.2.4/lib/action_dispatch/middleware/templates/rescues/_request_and_response.html.erb (14.3ms)
  Rendered /Users/kylehoang/.rvm/gems/ruby-2.2.1/gems/actionpack-4.2.4/lib/action_dispatch/middleware/templates/rescues/routing_error.html.erb within rescues/layout (167.2ms)
  Rendered /Users/kylehoang/.rvm/gems/ruby-2.2.1/gems/web-console-2.2.1/lib/web_console/templates/_markup.html.erb (1.1ms)
  Rendered /Users/kylehoang/.rvm/gems/ruby-2.2.1/gems/web-console-2.2.1/lib/web_console/templates/_inner_console_markup.html.erb within layouts/inlined_string (0.5ms)
  Rendered /Users/kylehoang/.rvm/gems/ruby-2.2.1/gems/web-console-2.2.1/lib/web_console/templates/_prompt_box_markup.html.erb within layouts/inlined_string (0.4ms)
  Rendered /Users/kylehoang/.rvm/gems/ruby-2.2.1/gems/web-console-2.2.1/lib/web_console/templates/style.css.erb within layouts/inlined_string (1.2ms)
  Rendered /Users/kylehoang/.rvm/gems/ruby-2.2.1/gems/web-console-2.2.1/lib/web_console/templates/console.js.erb within layouts/javascript (90.5ms)
  Rendered /Users/kylehoang/.rvm/gems/ruby-2.2.1/gems/web-console-2.2.1/lib/web_console/templates/main.js.erb within layouts/javascript (0.9ms)
  Rendered /Users/kylehoang/.rvm/gems/ruby-2.2.1/gems/web-console-2.2.1/lib/web_console/templates/error_page.js.erb within layouts/javascript (1.0ms)
  Rendered /Users/kylehoang/.rvm/gems/ruby-2.2.1/gems/web-console-2.2.1/lib/web_console/templates/index.html.erb (191.7ms)


Started GET "/" for ::1 at 2015-11-07 10:14:00 -0800
Processing by PropertyController#index as HTML
  Rendered property/index.html.erb within layouts/application (3.6ms)
Completed 200 OK in 2184ms (Views: 2183.0ms | ActiveRecord: 0.0ms)


Started GET "/assets/property.self-e3b0c44298fc1c149afbf4c8996fb92427ae41e4649b934ca495991b7852b855.css?body=1" for ::1 at 2015-11-07 10:14:02 -0800


Started GET "/assets/application.self-e80e8f2318043e8af94dddc2adad5a4f09739a8ebb323b3ab31cd71d45fd9113.css?body=1" for ::1 at 2015-11-07 10:14:02 -0800


Started GET "/assets/turbolinks.self-c37727e9bd6b2735da5c311aa83fead54ed0be6cc8bd9a65309e9c5abe2cbfff.js?body=1" for ::1 at 2015-11-07 10:14:02 -0800


Started GET "/assets/property.self-877aef30ae1b040ab8a3aba4e3e309a11d7f2612f44dde450b5c157aa5f95c05.js?body=1" for ::1 at 2015-11-07 10:14:02 -0800


Started GET "/assets/jquery.self-a714331225dda820228db323939889f149aec0127aeb06255646b616ba1ca419.js?body=1" for ::1 at 2015-11-07 10:14:02 -0800


Started GET "/assets/jquery_ujs.self-d456baa54c1fa6be2ec3711f0a72ddf7a5b2f34a6b4f515f33767d6207b7d4b3.js?body=1" for ::1 at 2015-11-07 10:14:02 -0800


Started GET "/assets/application.self-3b8dabdc891efe46b9a144b400ad69e37d7e5876bdc39dee783419a69d7ca819.js?body=1" for ::1 at 2015-11-07 10:14:02 -0800


Started GET "/" for ::1 at 2015-11-07 10:14:08 -0800
Processing by PropertyController#index as HTML
  Rendered property/index.html.erb within layouts/application (1.5ms)
Completed 200 OK in 141ms (Views: 139.0ms | ActiveRecord: 0.0ms)


Started GET "/assets/property.self-e3b0c44298fc1c149afbf4c8996fb92427ae41e4649b934ca495991b7852b855.css?body=1" for ::1 at 2015-11-07 10:14:09 -0800


Started GET "/assets/jquery.self-a714331225dda820228db323939889f149aec0127aeb06255646b616ba1ca419.js?body=1" for ::1 at 2015-11-07 10:14:09 -0800


Started GET "/assets/property.self-877aef30ae1b040ab8a3aba4e3e309a11d7f2612f44dde450b5c157aa5f95c05.js?body=1" for ::1 at 2015-11-07 10:14:09 -0800


Started GET "/assets/jquery_ujs.self-d456baa54c1fa6be2ec3711f0a72ddf7a5b2f34a6b4f515f33767d6207b7d4b3.js?body=1" for ::1 at 2015-11-07 10:14:09 -0800


Started GET "/assets/application.self-e80e8f2318043e8af94dddc2adad5a4f09739a8ebb323b3ab31cd71d45fd9113.css?body=1" for ::1 at 2015-11-07 10:14:09 -0800


Started GET "/assets/turbolinks.self-c37727e9bd6b2735da5c311aa83fead54ed0be6cc8bd9a65309e9c5abe2cbfff.js?body=1" for ::1 at 2015-11-07 10:14:09 -0800


Started GET "/assets/application.self-3b8dabdc891efe46b9a144b400ad69e37d7e5876bdc39dee783419a69d7ca819.js?body=1" for ::1 at 2015-11-07 10:14:09 -0800


Started GET "/" for ::1 at 2015-11-07 10:14:20 -0800
Processing by PropertyController#index as HTML
  Rendered property/index.html.erb within layouts/application (1.0ms)
Completed 200 OK in 75ms (Views: 73.0ms | ActiveRecord: 0.0ms)


Started GET "/assets/property.self-e3b0c44298fc1c149afbf4c8996fb92427ae41e4649b934ca495991b7852b855.css?body=1" for ::1 at 2015-11-07 10:14:20 -0800


Started GET "/assets/jquery.self-a714331225dda820228db323939889f149aec0127aeb06255646b616ba1ca419.js?body=1" for ::1 at 2015-11-07 10:14:20 -0800


Started GET "/assets/jquery_ujs.self-d456baa54c1fa6be2ec3711f0a72ddf7a5b2f34a6b4f515f33767d6207b7d4b3.js?body=1" for ::1 at 2015-11-07 10:14:20 -0800


Started GET "/assets/turbolinks.self-c37727e9bd6b2735da5c311aa83fead54ed0be6cc8bd9a65309e9c5abe2cbfff.js?body=1" for ::1 at 2015-11-07 10:14:20 -0800


Started GET "/assets/application.self-3b8dabdc891efe46b9a144b400ad69e37d7e5876bdc39dee783419a69d7ca819.js?body=1" for ::1 at 2015-11-07 10:14:20 -0800


Started GET "/assets/application.self-e80e8f2318043e8af94dddc2adad5a4f09739a8ebb323b3ab31cd71d45fd9113.css?body=1" for ::1 at 2015-11-07 10:14:20 -0800


Started GET "/assets/property.self-877aef30ae1b040ab8a3aba4e3e309a11d7f2612f44dde450b5c157aa5f95c05.js?body=1" for ::1 at 2015-11-07 10:14:20 -0800


Started GET "/assets/jquery_ujs.self-d456baa54c1fa6be2ec3711f0a72ddf7a5b2f34a6b4f515f33767d6207b7d4b3.js?body=1" for ::1 at 2015-11-07 10:14:20 -0800


Started GET "/assets/turbolinks.self-c37727e9bd6b2735da5c311aa83fead54ed0be6cc8bd9a65309e9c5abe2cbfff.js?body=1" for ::1 at 2015-11-07 10:14:20 -0800


Started GET "/assets/property.self-877aef30ae1b040ab8a3aba4e3e309a11d7f2612f44dde450b5c157aa5f95c05.js?body=1" for ::1 at 2015-11-07 10:14:20 -0800


Started GET "/assets/application.self-3b8dabdc891efe46b9a144b400ad69e37d7e5876bdc39dee783419a69d7ca819.js?body=1" for ::1 at 2015-11-07 10:14:21 -0800


Started GET "/" for ::1 at 2015-11-07 10:15:25 -0800
Processing by PropertyController#index as HTML
  Rendered property/index.html.erb within layouts/application (1.4ms)
Completed 200 OK in 242ms (Views: 239.9ms | ActiveRecord: 0.0ms)


Started GET "/assets/property.self-e3b0c44298fc1c149afbf4c8996fb92427ae41e4649b934ca495991b7852b855.css?body=1" for ::1 at 2015-11-07 10:15:26 -0800


Started GET "/assets/application.self-e80e8f2318043e8af94dddc2adad5a4f09739a8ebb323b3ab31cd71d45fd9113.css?body=1" for ::1 at 2015-11-07 10:15:26 -0800


Started GET "/assets/jquery.self-a714331225dda820228db323939889f149aec0127aeb06255646b616ba1ca419.js?body=1" for ::1 at 2015-11-07 10:15:26 -0800


Started GET "/assets/jquery_ujs.self-d456baa54c1fa6be2ec3711f0a72ddf7a5b2f34a6b4f515f33767d6207b7d4b3.js?body=1" for ::1 at 2015-11-07 10:15:26 -0800


Started GET "/assets/turbolinks.self-c37727e9bd6b2735da5c311aa83fead54ed0be6cc8bd9a65309e9c5abe2cbfff.js?body=1" for ::1 at 2015-11-07 10:15:26 -0800


Started GET "/assets/property.self-877aef30ae1b040ab8a3aba4e3e309a11d7f2612f44dde450b5c157aa5f95c05.js?body=1" for ::1 at 2015-11-07 10:15:26 -0800


Started GET "/assets/application.self-3b8dabdc891efe46b9a144b400ad69e37d7e5876bdc39dee783419a69d7ca819.js?body=1" for ::1 at 2015-11-07 10:15:26 -0800


Started GET "/" for ::1 at 2015-11-07 10:21:47 -0800
Processing by PropertyController#index as HTML
  Rendered property/index.html.erb within layouts/application (0.8ms)
Completed 200 OK in 488ms (Views: 486.1ms | ActiveRecord: 0.0ms)


Started GET "/assets/property.self-e3b0c44298fc1c149afbf4c8996fb92427ae41e4649b934ca495991b7852b855.css?body=1" for ::1 at 2015-11-07 10:21:48 -0800


Started GET "/assets/application.self-e80e8f2318043e8af94dddc2adad5a4f09739a8ebb323b3ab31cd71d45fd9113.css?body=1" for ::1 at 2015-11-07 10:21:48 -0800


Started GET "/assets/jquery.self-a714331225dda820228db323939889f149aec0127aeb06255646b616ba1ca419.js?body=1" for ::1 at 2015-11-07 10:21:48 -0800


Started GET "/assets/jquery_ujs.self-d456baa54c1fa6be2ec3711f0a72ddf7a5b2f34a6b4f515f33767d6207b7d4b3.js?body=1" for ::1 at 2015-11-07 10:21:48 -0800


Started GET "/assets/turbolinks.self-c37727e9bd6b2735da5c311aa83fead54ed0be6cc8bd9a65309e9c5abe2cbfff.js?body=1" for ::1 at 2015-11-07 10:21:48 -0800


Started GET "/assets/googlemap.self-abd8065ed79974ea59b637aab65c5f82a47c002903207be878b7e962d413dd51.js?body=1" for ::1 at 2015-11-07 10:21:48 -0800


Started GET "/assets/application.self-3b8dabdc891efe46b9a144b400ad69e37d7e5876bdc39dee783419a69d7ca819.js?body=1" for ::1 at 2015-11-07 10:21:49 -0800


Started GET "/assets/property.self-877aef30ae1b040ab8a3aba4e3e309a11d7f2612f44dde450b5c157aa5f95c05.js?body=1" for ::1 at 2015-11-07 10:21:49 -0800


Started GET "/" for ::1 at 2015-11-07 10:22:37 -0800
Processing by PropertyController#index as HTML
  Rendered property/index.html.erb within layouts/application (0.1ms)
Completed 200 OK in 58ms (Views: 57.6ms | ActiveRecord: 0.0ms)


Started GET "/assets/jquery.self-a714331225dda820228db323939889f149aec0127aeb06255646b616ba1ca419.js?body=1" for ::1 at 2015-11-07 10:22:37 -0800


Started GET "/assets/application.self-e80e8f2318043e8af94dddc2adad5a4f09739a8ebb323b3ab31cd71d45fd9113.css?body=1" for ::1 at 2015-11-07 10:22:37 -0800


Started GET "/assets/googlemap.self-abd8065ed79974ea59b637aab65c5f82a47c002903207be878b7e962d413dd51.js?body=1" for ::1 at 2015-11-07 10:22:37 -0800


Started GET "/assets/jquery_ujs.self-d456baa54c1fa6be2ec3711f0a72ddf7a5b2f34a6b4f515f33767d6207b7d4b3.js?body=1" for ::1 at 2015-11-07 10:22:37 -0800


Started GET "/assets/property.self-e3b0c44298fc1c149afbf4c8996fb92427ae41e4649b934ca495991b7852b855.css?body=1" for ::1 at 2015-11-07 10:22:37 -0800


Started GET "/assets/turbolinks.self-c37727e9bd6b2735da5c311aa83fead54ed0be6cc8bd9a65309e9c5abe2cbfff.js?body=1" for ::1 at 2015-11-07 10:22:37 -0800


Started GET "/assets/application.self-3b8dabdc891efe46b9a144b400ad69e37d7e5876bdc39dee783419a69d7ca819.js?body=1" for ::1 at 2015-11-07 10:22:37 -0800


Started GET "/assets/property.self-877aef30ae1b040ab8a3aba4e3e309a11d7f2612f44dde450b5c157aa5f95c05.js?body=1" for ::1 at 2015-11-07 10:22:37 -0800


Started GET "/" for ::1 at 2015-11-07 10:40:35 -0800
Processing by PropertyController#index as HTML
  Rendered property/index.html.erb within layouts/application (0.6ms)
Completed 500 Internal Server Error in 53ms (ActiveRecord: 0.0ms)

ActionView::Template::Error (couldn't find file 'googlemap.js' with type 'application/javascript'):
     5: 
     6:   <script type="text/javascript" src="https://maps.googleapis.com/maps/api/js?key=AIzaSyD_SVXJl8ze-lhdvV-ZZ9tq5TELqNwTDpU&callback=initMap"></script>
     7:   <%= stylesheet_link_tag    'application', media: 'all', 'data-turbolinks-track' => true %>
     8:   <%= javascript_include_tag 'application', 'data-turbolinks-track' => true %>
     9:   <%= csrf_meta_tags %>
    10: </head>
    11: <body>
  app/assets/javascripts/application.js:15
  app/views/layouts/application.html.erb:8:in `_app_views_layouts_application_html_erb__2134095176967869265_70352494687600'


  Rendered /Users/kylehoang/.rvm/gems/ruby-2.2.1/gems/actionpack-4.2.4/lib/action_dispatch/middleware/templates/rescues/_source.erb (9.3ms)
  Rendered /Users/kylehoang/.rvm/gems/ruby-2.2.1/gems/actionpack-4.2.4/lib/action_dispatch/middleware/templates/rescues/_trace.html.erb (3.1ms)
  Rendered /Users/kylehoang/.rvm/gems/ruby-2.2.1/gems/actionpack-4.2.4/lib/action_dispatch/middleware/templates/rescues/_request_and_response.html.erb (0.9ms)
  Rendered /Users/kylehoang/.rvm/gems/ruby-2.2.1/gems/actionpack-4.2.4/lib/action_dispatch/middleware/templates/rescues/template_error.html.erb within rescues/layout (61.4ms)
  Rendered /Users/kylehoang/.rvm/gems/ruby-2.2.1/gems/web-console-2.2.1/lib/web_console/templates/_markup.html.erb (0.5ms)
  Rendered /Users/kylehoang/.rvm/gems/ruby-2.2.1/gems/web-console-2.2.1/lib/web_console/templates/_inner_console_markup.html.erb within layouts/inlined_string (0.7ms)
  Rendered /Users/kylehoang/.rvm/gems/ruby-2.2.1/gems/web-console-2.2.1/lib/web_console/templates/_prompt_box_markup.html.erb within layouts/inlined_string (0.8ms)
  Rendered /Users/kylehoang/.rvm/gems/ruby-2.2.1/gems/web-console-2.2.1/lib/web_console/templates/style.css.erb within layouts/inlined_string (0.3ms)
  Rendered /Users/kylehoang/.rvm/gems/ruby-2.2.1/gems/web-console-2.2.1/lib/web_console/templates/console.js.erb within layouts/javascript (49.6ms)
  Rendered /Users/kylehoang/.rvm/gems/ruby-2.2.1/gems/web-console-2.2.1/lib/web_console/templates/main.js.erb within layouts/javascript (0.9ms)
  Rendered /Users/kylehoang/.rvm/gems/ruby-2.2.1/gems/web-console-2.2.1/lib/web_console/templates/error_page.js.erb within layouts/javascript (0.4ms)
  Rendered /Users/kylehoang/.rvm/gems/ruby-2.2.1/gems/web-console-2.2.1/lib/web_console/templates/index.html.erb (113.0ms)


Started GET "/" for ::1 at 2015-11-07 10:41:33 -0800
Processing by PropertyController#index as HTML
  Rendered property/index.html.erb within layouts/application (0.1ms)
Completed 200 OK in 154ms (Views: 153.0ms | ActiveRecord: 0.0ms)


Started GET "/assets/main.self-f62d2cfe5b76bc58a745032ddf03f5c321891cbde222e6aeabf855db243bfa97.css?body=1" for ::1 at 2015-11-07 10:41:33 -0800


Started GET "/assets/main.self-e77acf61723221c548a2d596b026e860220b00b0eab669b834dc8ab7518bba61.js?body=1" for ::1 at 2015-11-07 10:41:33 -0800


Started GET "/" for ::1 at 2015-11-07 10:46:44 -0800
Processing by PropertyController#index as HTML
  Rendered property/index.html.erb within layouts/application (0.3ms)
Completed 500 Internal Server Error in 32ms (ActiveRecord: 0.0ms)

ActionView::Template::Error (couldn't find file 'twitter-bootstrap-static/bootstrap' with type 'text/css'):
    4:   <title>RentalFind</title>
    5: 
    6:   <script type="text/javascript" src="https://maps.googleapis.com/maps/api/js?key=AIzaSyD_SVXJl8ze-lhdvV-ZZ9tq5TELqNwTDpU&callback=initMap"></script>
    7:   <%= stylesheet_link_tag    'application', media: 'all', 'data-turbolinks-track' => true %>
    8:   <%= javascript_include_tag 'application', 'data-turbolinks-track' => true %>
    9:   <%= csrf_meta_tags %>
   10: </head>
  app/assets/stylesheets/bootstrap_and_overrides.css:2
  app/views/layouts/application.html.erb:7:in `_app_views_layouts_application_html_erb__2134095176967869265_70352494687600'


  Rendered /Users/kylehoang/.rvm/gems/ruby-2.2.1/gems/actionpack-4.2.4/lib/action_dispatch/middleware/templates/rescues/_source.erb (7.5ms)
  Rendered /Users/kylehoang/.rvm/gems/ruby-2.2.1/gems/actionpack-4.2.4/lib/action_dispatch/middleware/templates/rescues/_trace.html.erb (2.9ms)
  Rendered /Users/kylehoang/.rvm/gems/ruby-2.2.1/gems/actionpack-4.2.4/lib/action_dispatch/middleware/templates/rescues/_request_and_response.html.erb (0.7ms)
  Rendered /Users/kylehoang/.rvm/gems/ruby-2.2.1/gems/actionpack-4.2.4/lib/action_dispatch/middleware/templates/rescues/template_error.html.erb within rescues/layout (56.0ms)
  Rendered /Users/kylehoang/.rvm/gems/ruby-2.2.1/gems/web-console-2.2.1/lib/web_console/templates/_markup.html.erb (0.4ms)
  Rendered /Users/kylehoang/.rvm/gems/ruby-2.2.1/gems/web-console-2.2.1/lib/web_console/templates/_inner_console_markup.html.erb within layouts/inlined_string (0.3ms)
  Rendered /Users/kylehoang/.rvm/gems/ruby-2.2.1/gems/web-console-2.2.1/lib/web_console/templates/_prompt_box_markup.html.erb within layouts/inlined_string (0.3ms)
  Rendered /Users/kylehoang/.rvm/gems/ruby-2.2.1/gems/web-console-2.2.1/lib/web_console/templates/style.css.erb within layouts/inlined_string (0.3ms)
  Rendered /Users/kylehoang/.rvm/gems/ruby-2.2.1/gems/web-console-2.2.1/lib/web_console/templates/console.js.erb within layouts/javascript (45.3ms)
  Rendered /Users/kylehoang/.rvm/gems/ruby-2.2.1/gems/web-console-2.2.1/lib/web_console/templates/main.js.erb within layouts/javascript (0.3ms)
  Rendered /Users/kylehoang/.rvm/gems/ruby-2.2.1/gems/web-console-2.2.1/lib/web_console/templates/error_page.js.erb within layouts/javascript (0.4ms)
  Rendered /Users/kylehoang/.rvm/gems/ruby-2.2.1/gems/web-console-2.2.1/lib/web_console/templates/index.html.erb (99.4ms)


Started GET "/" for ::1 at 2015-11-07 10:50:12 -0800
Processing by PropertyController#index as HTML
  Rendered property/index.html.erb within layouts/application (0.3ms)
Completed 500 Internal Server Error in 26ms (ActiveRecord: 0.0ms)

ActionView::Template::Error (File to import not found or unreadable: bootstrap-sprockets.
Load paths:
  /Users/kylehoang/Desktop/rentalfind/app/assets/images
  /Users/kylehoang/Desktop/rentalfind/app/assets/javascripts
  /Users/kylehoang/Desktop/rentalfind/app/assets/stylesheets
  /Users/kylehoang/Desktop/rentalfind/vendor/assets/javascripts
  /Users/kylehoang/Desktop/rentalfind/vendor/assets/stylesheets
  /Users/kylehoang/.rvm/gems/ruby-2.2.1/gems/turbolinks-2.5.3/lib/assets/javascripts
  /Users/kylehoang/.rvm/gems/ruby-2.2.1/gems/jquery-rails-4.0.5/vendor/assets/javascripts
  /Users/kylehoang/.rvm/gems/ruby-2.2.1/gems/coffee-rails-4.1.0/lib/assets/javascripts):
    4:   <title>RentalFind</title>
    5: 
    6:   <script type="text/javascript" src="https://maps.googleapis.com/maps/api/js?key=AIzaSyD_SVXJl8ze-lhdvV-ZZ9tq5TELqNwTDpU&callback=initMap"></script>
    7:   <%= stylesheet_link_tag    'application', media: 'all', 'data-turbolinks-track' => true %>
    8:   <%= javascript_include_tag 'application', 'data-turbolinks-track' => true %>
    9:   <%= csrf_meta_tags %>
   10: </head>
  app/assets/stylesheets/application.scss:18
  app/views/layouts/application.html.erb:7:in `_app_views_layouts_application_html_erb__2134095176967869265_70352494687600'


  Rendered /Users/kylehoang/.rvm/gems/ruby-2.2.1/gems/actionpack-4.2.4/lib/action_dispatch/middleware/templates/rescues/_source.erb (8.1ms)
  Rendered /Users/kylehoang/.rvm/gems/ruby-2.2.1/gems/actionpack-4.2.4/lib/action_dispatch/middleware/templates/rescues/_trace.html.erb (6.4ms)
  Rendered /Users/kylehoang/.rvm/gems/ruby-2.2.1/gems/actionpack-4.2.4/lib/action_dispatch/middleware/templates/rescues/_request_and_response.html.erb (5.8ms)
  Rendered /Users/kylehoang/.rvm/gems/ruby-2.2.1/gems/actionpack-4.2.4/lib/action_dispatch/middleware/templates/rescues/template_error.html.erb within rescues/layout (88.4ms)
  Rendered /Users/kylehoang/.rvm/gems/ruby-2.2.1/gems/web-console-2.2.1/lib/web_console/templates/_markup.html.erb (0.4ms)
  Rendered /Users/kylehoang/.rvm/gems/ruby-2.2.1/gems/web-console-2.2.1/lib/web_console/templates/_inner_console_markup.html.erb within layouts/inlined_string (0.5ms)
  Rendered /Users/kylehoang/.rvm/gems/ruby-2.2.1/gems/web-console-2.2.1/lib/web_console/templates/_prompt_box_markup.html.erb within layouts/inlined_string (0.6ms)
  Rendered /Users/kylehoang/.rvm/gems/ruby-2.2.1/gems/web-console-2.2.1/lib/web_console/templates/style.css.erb within layouts/inlined_string (0.7ms)
  Rendered /Users/kylehoang/.rvm/gems/ruby-2.2.1/gems/web-console-2.2.1/lib/web_console/templates/console.js.erb within layouts/javascript (77.5ms)
  Rendered /Users/kylehoang/.rvm/gems/ruby-2.2.1/gems/web-console-2.2.1/lib/web_console/templates/main.js.erb within layouts/javascript (0.5ms)
  Rendered /Users/kylehoang/.rvm/gems/ruby-2.2.1/gems/web-console-2.2.1/lib/web_console/templates/error_page.js.erb within layouts/javascript (0.7ms)
  Rendered /Users/kylehoang/.rvm/gems/ruby-2.2.1/gems/web-console-2.2.1/lib/web_console/templates/index.html.erb (164.1ms)


Started GET "/" for ::1 at 2015-11-07 10:51:45 -0800
Processing by PropertyController#index as HTML
  Rendered property/index.html.erb within layouts/application (0.1ms)
Completed 500 Internal Server Error in 32ms (ActiveRecord: 0.0ms)

ActionView::Template::Error (File to import not found or unreadable: bootstrap-sprockets.
Load paths:
  /Users/kylehoang/Desktop/rentalfind/app/assets/images
  /Users/kylehoang/Desktop/rentalfind/app/assets/javascripts
  /Users/kylehoang/Desktop/rentalfind/app/assets/stylesheets
  /Users/kylehoang/Desktop/rentalfind/vendor/assets/javascripts
  /Users/kylehoang/Desktop/rentalfind/vendor/assets/stylesheets
  /Users/kylehoang/.rvm/gems/ruby-2.2.1/gems/turbolinks-2.5.3/lib/assets/javascripts
  /Users/kylehoang/.rvm/gems/ruby-2.2.1/gems/jquery-rails-4.0.5/vendor/assets/javascripts
  /Users/kylehoang/.rvm/gems/ruby-2.2.1/gems/coffee-rails-4.1.0/lib/assets/javascripts):
    4:   <title>RentalFind</title>
    5: 
    6:   <script type="text/javascript" src="https://maps.googleapis.com/maps/api/js?key=AIzaSyD_SVXJl8ze-lhdvV-ZZ9tq5TELqNwTDpU&callback=initMap"></script>
    7:   <%= stylesheet_link_tag    'application', media: 'all', 'data-turbolinks-track' => true %>
    8:   <%= javascript_include_tag 'application', 'data-turbolinks-track' => true %>
    9:   <%= csrf_meta_tags %>
   10: </head>
  app/assets/stylesheets/application.scss:1
  app/views/layouts/application.html.erb:7:in `_app_views_layouts_application_html_erb__2134095176967869265_70352494687600'


  Rendered /Users/kylehoang/.rvm/gems/ruby-2.2.1/gems/actionpack-4.2.4/lib/action_dispatch/middleware/templates/rescues/_source.erb (12.6ms)
  Rendered /Users/kylehoang/.rvm/gems/ruby-2.2.1/gems/actionpack-4.2.4/lib/action_dispatch/middleware/templates/rescues/_trace.html.erb (4.4ms)
  Rendered /Users/kylehoang/.rvm/gems/ruby-2.2.1/gems/actionpack-4.2.4/lib/action_dispatch/middleware/templates/rescues/_request_and_response.html.erb (1.2ms)
  Rendered /Users/kylehoang/.rvm/gems/ruby-2.2.1/gems/actionpack-4.2.4/lib/action_dispatch/middleware/templates/rescues/template_error.html.erb within rescues/layout (73.8ms)
  Rendered /Users/kylehoang/.rvm/gems/ruby-2.2.1/gems/web-console-2.2.1/lib/web_console/templates/_markup.html.erb (0.4ms)
  Rendered /Users/kylehoang/.rvm/gems/ruby-2.2.1/gems/web-console-2.2.1/lib/web_console/templates/_inner_console_markup.html.erb within layouts/inlined_string (0.4ms)
  Rendered /Users/kylehoang/.rvm/gems/ruby-2.2.1/gems/web-console-2.2.1/lib/web_console/templates/_prompt_box_markup.html.erb within layouts/inlined_string (0.4ms)
  Rendered /Users/kylehoang/.rvm/gems/ruby-2.2.1/gems/web-console-2.2.1/lib/web_console/templates/style.css.erb within layouts/inlined_string (0.5ms)
  Rendered /Users/kylehoang/.rvm/gems/ruby-2.2.1/gems/web-console-2.2.1/lib/web_console/templates/console.js.erb within layouts/javascript (46.0ms)
  Rendered /Users/kylehoang/.rvm/gems/ruby-2.2.1/gems/web-console-2.2.1/lib/web_console/templates/main.js.erb within layouts/javascript (0.4ms)
  Rendered /Users/kylehoang/.rvm/gems/ruby-2.2.1/gems/web-console-2.2.1/lib/web_console/templates/error_page.js.erb within layouts/javascript (0.5ms)
  Rendered /Users/kylehoang/.rvm/gems/ruby-2.2.1/gems/web-console-2.2.1/lib/web_console/templates/index.html.erb (103.0ms)


Started GET "/" for ::1 at 2015-11-07 10:52:47 -0800
Processing by PropertyController#index as HTML
  Rendered property/index.html.erb within layouts/application (0.0ms)
Completed 200 OK in 59ms (Views: 58.5ms | ActiveRecord: 0.0ms)


Started GET "/assets/application.self-dae5c5da7223ce739ad497817a3df9ba2fa2840da302653b11558b4f7d98bfc3.css?body=1" for ::1 at 2015-11-07 10:52:47 -0800


Started GET "/" for ::1 at 2015-11-07 10:53:10 -0800
Processing by PropertyController#index as HTML
  Rendered property/index.html.erb within layouts/application (0.0ms)
Completed 200 OK in 60ms (Views: 59.0ms | ActiveRecord: 0.0ms)


Started GET "/assets/application.self-dae5c5da7223ce739ad497817a3df9ba2fa2840da302653b11558b4f7d98bfc3.css?body=1" for ::1 at 2015-11-07 10:53:10 -0800


Started GET "/assets/jquery.self-a714331225dda820228db323939889f149aec0127aeb06255646b616ba1ca419.js?body=1" for ::1 at 2015-11-07 10:53:10 -0800


Started GET "/assets/jquery_ujs.self-d456baa54c1fa6be2ec3711f0a72ddf7a5b2f34a6b4f515f33767d6207b7d4b3.js?body=1" for ::1 at 2015-11-07 10:53:10 -0800


Started GET "/assets/property.self-e3b0c44298fc1c149afbf4c8996fb92427ae41e4649b934ca495991b7852b855.css?body=1" for ::1 at 2015-11-07 10:53:10 -0800


Started GET "/assets/main.self-f28e1aadd8aa870d7e12e75f6f7a9f646df4e93b4c4603a148b6c7a2fa108a88.css?body=1" for ::1 at 2015-11-07 10:53:10 -0800


Started GET "/assets/main.self-e77acf61723221c548a2d596b026e860220b00b0eab669b834dc8ab7518bba61.js?body=1" for ::1 at 2015-11-07 10:53:10 -0800


Started GET "/assets/turbolinks.self-c37727e9bd6b2735da5c311aa83fead54ed0be6cc8bd9a65309e9c5abe2cbfff.js?body=1" for ::1 at 2015-11-07 10:53:10 -0800


Started GET "/assets/property.self-877aef30ae1b040ab8a3aba4e3e309a11d7f2612f44dde450b5c157aa5f95c05.js?body=1" for ::1 at 2015-11-07 10:53:10 -0800


Started GET "/assets/application.self-f8806224e027f3e3f0138ea9ce99319e298dfdb323304d1f1be6eae8e8c74724.js?body=1" for ::1 at 2015-11-07 10:53:10 -0800


Started GET "/" for ::1 at 2015-11-07 10:53:57 -0800
Processing by PropertyController#index as HTML
  Rendered property/index.html.erb within layouts/application (0.1ms)
Completed 200 OK in 80ms (Views: 78.6ms | ActiveRecord: 0.0ms)


Started GET "/assets/main.self-ffd11f1bf2ba132ea3a6ef02c6130f2bcf2b4015781589358a139627dcbf680d.css?body=1" for ::1 at 2015-11-07 10:53:57 -0800


Started GET "/" for ::1 at 2015-11-07 10:54:11 -0800
Processing by PropertyController#index as HTML
  Rendered property/index.html.erb within layouts/application (0.1ms)
Completed 200 OK in 78ms (Views: 76.9ms | ActiveRecord: 0.0ms)


Started GET "/" for ::1 at 2015-11-07 10:54:44 -0800
Processing by PropertyController#index as HTML
  Rendered property/index.html.erb within layouts/application (0.0ms)
Completed 200 OK in 34ms (Views: 33.4ms | ActiveRecord: 0.0ms)


Started GET "/" for ::1 at 2015-11-07 10:55:52 -0800
Processing by PropertyController#index as HTML
  Rendered property/index.html.erb within layouts/application (0.1ms)
Completed 200 OK in 121ms (Views: 120.1ms | ActiveRecord: 0.0ms)


Started GET "/assets/property.self-e3b0c44298fc1c149afbf4c8996fb92427ae41e4649b934ca495991b7852b855.css?body=1" for ::1 at 2015-11-07 10:55:52 -0800


Started GET "/assets/main.self-ffd11f1bf2ba132ea3a6ef02c6130f2bcf2b4015781589358a139627dcbf680d.css?body=1" for ::1 at 2015-11-07 10:55:52 -0800


Started GET "/assets/application.self-dae5c5da7223ce739ad497817a3df9ba2fa2840da302653b11558b4f7d98bfc3.css?body=1" for ::1 at 2015-11-07 10:55:52 -0800


Started GET "/assets/jquery.self-a714331225dda820228db323939889f149aec0127aeb06255646b616ba1ca419.js?body=1" for ::1 at 2015-11-07 10:55:52 -0800


Started GET "/assets/turbolinks.self-c37727e9bd6b2735da5c311aa83fead54ed0be6cc8bd9a65309e9c5abe2cbfff.js?body=1" for ::1 at 2015-11-07 10:55:52 -0800


Started GET "/assets/main.self-1ff99b48b733781603c86fb09b42c47f5b0b0e14bc708c7fe64f09f26f267919.js?body=1" for ::1 at 2015-11-07 10:55:52 -0800


Started GET "/assets/jquery_ujs.self-d456baa54c1fa6be2ec3711f0a72ddf7a5b2f34a6b4f515f33767d6207b7d4b3.js?body=1" for ::1 at 2015-11-07 10:55:53 -0800


Started GET "/assets/application.self-f8806224e027f3e3f0138ea9ce99319e298dfdb323304d1f1be6eae8e8c74724.js?body=1" for ::1 at 2015-11-07 10:55:53 -0800


Started GET "/assets/property.self-877aef30ae1b040ab8a3aba4e3e309a11d7f2612f44dde450b5c157aa5f95c05.js?body=1" for ::1 at 2015-11-07 10:55:53 -0800


Started GET "/" for ::1 at 2015-11-07 10:58:36 -0800
Processing by PropertyController#index as HTML
  Rendered property/index.html.erb within layouts/application (0.1ms)
Completed 200 OK in 152ms (Views: 151.0ms | ActiveRecord: 0.0ms)


Started GET "/assets/main.self-cacd5f50efc020c64f0d08ad8f533b304dbeb9a6be19ae301fdd2a368a64dd89.css?body=1" for ::1 at 2015-11-07 10:58:36 -0800


Started GET "/assets/property.self-e3b0c44298fc1c149afbf4c8996fb92427ae41e4649b934ca495991b7852b855.css?body=1" for ::1 at 2015-11-07 10:58:36 -0800


Started GET "/assets/main.self-ad5841946a873520c656b32c857685108401e3f24eb15c45f34c6446296f3620.js?body=1" for ::1 at 2015-11-07 10:58:36 -0800


Started GET "/assets/jquery.self-a714331225dda820228db323939889f149aec0127aeb06255646b616ba1ca419.js?body=1" for ::1 at 2015-11-07 10:58:36 -0800


Started GET "/assets/application.self-dae5c5da7223ce739ad497817a3df9ba2fa2840da302653b11558b4f7d98bfc3.css?body=1" for ::1 at 2015-11-07 10:58:36 -0800


Started GET "/assets/turbolinks.self-c37727e9bd6b2735da5c311aa83fead54ed0be6cc8bd9a65309e9c5abe2cbfff.js?body=1" for ::1 at 2015-11-07 10:58:36 -0800


Started GET "/assets/jquery_ujs.self-d456baa54c1fa6be2ec3711f0a72ddf7a5b2f34a6b4f515f33767d6207b7d4b3.js?body=1" for ::1 at 2015-11-07 10:58:36 -0800


Started GET "/assets/property.self-877aef30ae1b040ab8a3aba4e3e309a11d7f2612f44dde450b5c157aa5f95c05.js?body=1" for ::1 at 2015-11-07 10:58:36 -0800


Started GET "/assets/application.self-f8806224e027f3e3f0138ea9ce99319e298dfdb323304d1f1be6eae8e8c74724.js?body=1" for ::1 at 2015-11-07 10:58:36 -0800


Started GET "/" for ::1 at 2015-11-07 10:59:47 -0800
Processing by PropertyController#index as HTML
  Rendered property/index.html.erb within layouts/application (0.1ms)
Completed 200 OK in 57ms (Views: 56.1ms | ActiveRecord: 0.0ms)


Started GET "/assets/main.self-cacd5f50efc020c64f0d08ad8f533b304dbeb9a6be19ae301fdd2a368a64dd89.css?body=1" for ::1 at 2015-11-07 10:59:47 -0800


Started GET "/assets/property.self-e3b0c44298fc1c149afbf4c8996fb92427ae41e4649b934ca495991b7852b855.css?body=1" for ::1 at 2015-11-07 10:59:47 -0800


Started GET "/assets/application.self-dae5c5da7223ce739ad497817a3df9ba2fa2840da302653b11558b4f7d98bfc3.css?body=1" for ::1 at 2015-11-07 10:59:47 -0800


Started GET "/assets/turbolinks.self-c37727e9bd6b2735da5c311aa83fead54ed0be6cc8bd9a65309e9c5abe2cbfff.js?body=1" for ::1 at 2015-11-07 10:59:47 -0800


Started GET "/assets/property.self-877aef30ae1b040ab8a3aba4e3e309a11d7f2612f44dde450b5c157aa5f95c05.js?body=1" for ::1 at 2015-11-07 10:59:47 -0800


Started GET "/assets/jquery.self-a714331225dda820228db323939889f149aec0127aeb06255646b616ba1ca419.js?body=1" for ::1 at 2015-11-07 10:59:47 -0800


Started GET "/assets/jquery_ujs.self-d456baa54c1fa6be2ec3711f0a72ddf7a5b2f34a6b4f515f33767d6207b7d4b3.js?body=1" for ::1 at 2015-11-07 10:59:47 -0800


Started GET "/assets/main.self-ad5841946a873520c656b32c857685108401e3f24eb15c45f34c6446296f3620.js?body=1" for ::1 at 2015-11-07 10:59:47 -0800


Started GET "/assets/application.self-f8806224e027f3e3f0138ea9ce99319e298dfdb323304d1f1be6eae8e8c74724.js?body=1" for ::1 at 2015-11-07 10:59:47 -0800


Started GET "/assets/jquery.self-a714331225dda820228db323939889f149aec0127aeb06255646b616ba1ca419.js?body=1" for ::1 at 2015-11-07 10:59:47 -0800


Started GET "/" for ::1 at 2015-11-07 11:00:04 -0800
Processing by PropertyController#index as HTML
  Rendered property/index.html.erb within layouts/application (0.0ms)
Completed 200 OK in 35ms (Views: 34.7ms | ActiveRecord: 0.0ms)


Started GET "/assets/main.self-cacd5f50efc020c64f0d08ad8f533b304dbeb9a6be19ae301fdd2a368a64dd89.css?body=1" for ::1 at 2015-11-07 11:00:04 -0800


Started GET "/assets/property.self-e3b0c44298fc1c149afbf4c8996fb92427ae41e4649b934ca495991b7852b855.css?body=1" for ::1 at 2015-11-07 11:00:04 -0800


Started GET "/assets/jquery_ujs.self-d456baa54c1fa6be2ec3711f0a72ddf7a5b2f34a6b4f515f33767d6207b7d4b3.js?body=1" for ::1 at 2015-11-07 11:00:04 -0800


Started GET "/assets/main.self-ad5841946a873520c656b32c857685108401e3f24eb15c45f34c6446296f3620.js?body=1" for ::1 at 2015-11-07 11:00:04 -0800


Started GET "/assets/application.self-dae5c5da7223ce739ad497817a3df9ba2fa2840da302653b11558b4f7d98bfc3.css?body=1" for ::1 at 2015-11-07 11:00:04 -0800


Started GET "/assets/jquery.self-a714331225dda820228db323939889f149aec0127aeb06255646b616ba1ca419.js?body=1" for ::1 at 2015-11-07 11:00:05 -0800


Started GET "/assets/turbolinks.self-c37727e9bd6b2735da5c311aa83fead54ed0be6cc8bd9a65309e9c5abe2cbfff.js?body=1" for ::1 at 2015-11-07 11:00:05 -0800


Started GET "/assets/property.self-877aef30ae1b040ab8a3aba4e3e309a11d7f2612f44dde450b5c157aa5f95c05.js?body=1" for ::1 at 2015-11-07 11:00:05 -0800


Started GET "/assets/application.self-f8806224e027f3e3f0138ea9ce99319e298dfdb323304d1f1be6eae8e8c74724.js?body=1" for ::1 at 2015-11-07 11:00:05 -0800


Started GET "/" for ::1 at 2015-11-07 11:00:28 -0800
Processing by PropertyController#index as HTML
  Rendered property/index.html.erb within layouts/application (0.1ms)
Completed 200 OK in 43ms (Views: 42.7ms | ActiveRecord: 0.0ms)


Started GET "/assets/main.self-cacd5f50efc020c64f0d08ad8f533b304dbeb9a6be19ae301fdd2a368a64dd89.css?body=1" for ::1 at 2015-11-07 11:00:28 -0800


Started GET "/assets/property.self-e3b0c44298fc1c149afbf4c8996fb92427ae41e4649b934ca495991b7852b855.css?body=1" for ::1 at 2015-11-07 11:00:28 -0800


Started GET "/assets/main.self-ad5841946a873520c656b32c857685108401e3f24eb15c45f34c6446296f3620.js?body=1" for ::1 at 2015-11-07 11:00:28 -0800


Started GET "/assets/jquery_ujs.self-d456baa54c1fa6be2ec3711f0a72ddf7a5b2f34a6b4f515f33767d6207b7d4b3.js?body=1" for ::1 at 2015-11-07 11:00:28 -0800


Started GET "/assets/jquery.self-a714331225dda820228db323939889f149aec0127aeb06255646b616ba1ca419.js?body=1" for ::1 at 2015-11-07 11:00:28 -0800


Started GET "/assets/application.self-dae5c5da7223ce739ad497817a3df9ba2fa2840da302653b11558b4f7d98bfc3.css?body=1" for ::1 at 2015-11-07 11:00:28 -0800


Started GET "/assets/turbolinks.self-c37727e9bd6b2735da5c311aa83fead54ed0be6cc8bd9a65309e9c5abe2cbfff.js?body=1" for ::1 at 2015-11-07 11:00:28 -0800


Started GET "/assets/property.self-877aef30ae1b040ab8a3aba4e3e309a11d7f2612f44dde450b5c157aa5f95c05.js?body=1" for ::1 at 2015-11-07 11:00:28 -0800


Started GET "/assets/application.self-f8806224e027f3e3f0138ea9ce99319e298dfdb323304d1f1be6eae8e8c74724.js?body=1" for ::1 at 2015-11-07 11:00:28 -0800


Started GET "/" for ::1 at 2015-11-07 11:04:42 -0800
Processing by PropertyController#index as HTML
  Rendered property/index.html.erb within layouts/application (0.1ms)
Completed 200 OK in 42ms (Views: 41.2ms | ActiveRecord: 0.0ms)


Started GET "/" for ::1 at 2015-11-07 11:07:52 -0800
Processing by PropertyController#index as HTML
  Rendered property/index.html.erb within layouts/application (0.0ms)
Completed 200 OK in 44ms (Views: 43.1ms | ActiveRecord: 0.0ms)


Started GET "/assets/main.self-cacd5f50efc020c64f0d08ad8f533b304dbeb9a6be19ae301fdd2a368a64dd89.css?body=1" for ::1 at 2015-11-07 11:07:52 -0800


Started GET "/assets/property.self-e3b0c44298fc1c149afbf4c8996fb92427ae41e4649b934ca495991b7852b855.css?body=1" for ::1 at 2015-11-07 11:07:52 -0800


Started GET "/assets/application.self-dae5c5da7223ce739ad497817a3df9ba2fa2840da302653b11558b4f7d98bfc3.css?body=1" for ::1 at 2015-11-07 11:07:52 -0800


Started GET "/assets/jquery.self-a714331225dda820228db323939889f149aec0127aeb06255646b616ba1ca419.js?body=1" for ::1 at 2015-11-07 11:07:52 -0800


Started GET "/assets/jquery_ujs.self-d456baa54c1fa6be2ec3711f0a72ddf7a5b2f34a6b4f515f33767d6207b7d4b3.js?body=1" for ::1 at 2015-11-07 11:07:52 -0800


Started GET "/assets/main.self-ad5841946a873520c656b32c857685108401e3f24eb15c45f34c6446296f3620.js?body=1" for ::1 at 2015-11-07 11:07:52 -0800


Started GET "/assets/property.self-877aef30ae1b040ab8a3aba4e3e309a11d7f2612f44dde450b5c157aa5f95c05.js?body=1" for ::1 at 2015-11-07 11:07:52 -0800


Started GET "/assets/application.self-f8806224e027f3e3f0138ea9ce99319e298dfdb323304d1f1be6eae8e8c74724.js?body=1" for ::1 at 2015-11-07 11:07:52 -0800


Started GET "/assets/turbolinks.self-c37727e9bd6b2735da5c311aa83fead54ed0be6cc8bd9a65309e9c5abe2cbfff.js?body=1" for ::1 at 2015-11-07 11:07:53 -0800


Started GET "/" for ::1 at 2015-11-07 11:08:07 -0800
Processing by PropertyController#index as HTML
  Rendered property/index.html.erb within layouts/application (0.1ms)
Completed 200 OK in 38ms (Views: 37.1ms | ActiveRecord: 0.0ms)


Started GET "/assets/main.self-cacd5f50efc020c64f0d08ad8f533b304dbeb9a6be19ae301fdd2a368a64dd89.css?body=1" for ::1 at 2015-11-07 11:08:07 -0800


Started GET "/assets/jquery.self-a714331225dda820228db323939889f149aec0127aeb06255646b616ba1ca419.js?body=1" for ::1 at 2015-11-07 11:08:07 -0800


Started GET "/assets/property.self-e3b0c44298fc1c149afbf4c8996fb92427ae41e4649b934ca495991b7852b855.css?body=1" for ::1 at 2015-11-07 11:08:07 -0800


Started GET "/assets/application.self-dae5c5da7223ce739ad497817a3df9ba2fa2840da302653b11558b4f7d98bfc3.css?body=1" for ::1 at 2015-11-07 11:08:07 -0800


Started GET "/assets/jquery_ujs.self-d456baa54c1fa6be2ec3711f0a72ddf7a5b2f34a6b4f515f33767d6207b7d4b3.js?body=1" for ::1 at 2015-11-07 11:08:07 -0800


Started GET "/assets/main.self-ad5841946a873520c656b32c857685108401e3f24eb15c45f34c6446296f3620.js?body=1" for ::1 at 2015-11-07 11:08:07 -0800


Started GET "/assets/turbolinks.self-c37727e9bd6b2735da5c311aa83fead54ed0be6cc8bd9a65309e9c5abe2cbfff.js?body=1" for ::1 at 2015-11-07 11:08:07 -0800


Started GET "/assets/property.self-877aef30ae1b040ab8a3aba4e3e309a11d7f2612f44dde450b5c157aa5f95c05.js?body=1" for ::1 at 2015-11-07 11:08:07 -0800


Started GET "/assets/application.self-f8806224e027f3e3f0138ea9ce99319e298dfdb323304d1f1be6eae8e8c74724.js?body=1" for ::1 at 2015-11-07 11:08:07 -0800


Started GET "/" for ::1 at 2015-11-07 11:08:46 -0800
Processing by PropertyController#index as HTML
  Rendered property/index.html.erb within layouts/application (0.0ms)
Completed 200 OK in 58ms (Views: 56.9ms | ActiveRecord: 0.0ms)


Started GET "/assets/main.self-cf9673b0016fa30f8f0adf5bc38221178ca2d63c0bd3d45da4aaa291d017cd5f.css?body=1" for ::1 at 2015-11-07 11:08:47 -0800


Started GET "/assets/property.self-e3b0c44298fc1c149afbf4c8996fb92427ae41e4649b934ca495991b7852b855.css?body=1" for ::1 at 2015-11-07 11:08:47 -0800


Started GET "/assets/turbolinks.self-c37727e9bd6b2735da5c311aa83fead54ed0be6cc8bd9a65309e9c5abe2cbfff.js?body=1" for ::1 at 2015-11-07 11:08:47 -0800


Started GET "/assets/property.self-877aef30ae1b040ab8a3aba4e3e309a11d7f2612f44dde450b5c157aa5f95c05.js?body=1" for ::1 at 2015-11-07 11:08:47 -0800


Started GET "/assets/jquery.self-a714331225dda820228db323939889f149aec0127aeb06255646b616ba1ca419.js?body=1" for ::1 at 2015-11-07 11:08:47 -0800


Started GET "/assets/jquery_ujs.self-d456baa54c1fa6be2ec3711f0a72ddf7a5b2f34a6b4f515f33767d6207b7d4b3.js?body=1" for ::1 at 2015-11-07 11:08:47 -0800


Started GET "/assets/main.self-ad5841946a873520c656b32c857685108401e3f24eb15c45f34c6446296f3620.js?body=1" for ::1 at 2015-11-07 11:08:47 -0800


Started GET "/assets/application.self-dae5c5da7223ce739ad497817a3df9ba2fa2840da302653b11558b4f7d98bfc3.css?body=1" for ::1 at 2015-11-07 11:08:47 -0800


Started GET "/assets/application.self-f8806224e027f3e3f0138ea9ce99319e298dfdb323304d1f1be6eae8e8c74724.js?body=1" for ::1 at 2015-11-07 11:08:47 -0800


Started GET "/" for ::1 at 2015-11-07 11:08:54 -0800
Processing by PropertyController#index as HTML
  Rendered property/index.html.erb within layouts/application (0.0ms)
Completed 200 OK in 57ms (Views: 55.9ms | ActiveRecord: 0.0ms)


Started GET "/assets/main.self-1a5cd902653f78ce9a1ea78de2be82cae832e677c301c5c23a7a5bfdb35da094.css?body=1" for ::1 at 2015-11-07 11:08:54 -0800


Started GET "/assets/property.self-e3b0c44298fc1c149afbf4c8996fb92427ae41e4649b934ca495991b7852b855.css?body=1" for ::1 at 2015-11-07 11:08:54 -0800


Started GET "/assets/application.self-dae5c5da7223ce739ad497817a3df9ba2fa2840da302653b11558b4f7d98bfc3.css?body=1" for ::1 at 2015-11-07 11:08:54 -0800


Started GET "/assets/jquery_ujs.self-d456baa54c1fa6be2ec3711f0a72ddf7a5b2f34a6b4f515f33767d6207b7d4b3.js?body=1" for ::1 at 2015-11-07 11:08:54 -0800


Started GET "/assets/main.self-ad5841946a873520c656b32c857685108401e3f24eb15c45f34c6446296f3620.js?body=1" for ::1 at 2015-11-07 11:08:54 -0800


Started GET "/assets/property.self-877aef30ae1b040ab8a3aba4e3e309a11d7f2612f44dde450b5c157aa5f95c05.js?body=1" for ::1 at 2015-11-07 11:08:54 -0800


Started GET "/assets/jquery.self-a714331225dda820228db323939889f149aec0127aeb06255646b616ba1ca419.js?body=1" for ::1 at 2015-11-07 11:08:54 -0800


Started GET "/assets/turbolinks.self-c37727e9bd6b2735da5c311aa83fead54ed0be6cc8bd9a65309e9c5abe2cbfff.js?body=1" for ::1 at 2015-11-07 11:08:54 -0800


Started GET "/assets/application.self-f8806224e027f3e3f0138ea9ce99319e298dfdb323304d1f1be6eae8e8c74724.js?body=1" for ::1 at 2015-11-07 11:08:54 -0800


Started GET "/" for ::1 at 2015-11-07 11:09:06 -0800
Processing by PropertyController#index as HTML
  Rendered property/index.html.erb within layouts/application (0.0ms)
Completed 200 OK in 51ms (Views: 50.4ms | ActiveRecord: 0.0ms)


Started GET "/assets/jquery.self-a714331225dda820228db323939889f149aec0127aeb06255646b616ba1ca419.js?body=1" for ::1 at 2015-11-07 11:09:06 -0800


Started GET "/assets/property.self-e3b0c44298fc1c149afbf4c8996fb92427ae41e4649b934ca495991b7852b855.css?body=1" for ::1 at 2015-11-07 11:09:06 -0800


Started GET "/assets/turbolinks.self-c37727e9bd6b2735da5c311aa83fead54ed0be6cc8bd9a65309e9c5abe2cbfff.js?body=1" for ::1 at 2015-11-07 11:09:06 -0800


Started GET "/assets/application.self-dae5c5da7223ce739ad497817a3df9ba2fa2840da302653b11558b4f7d98bfc3.css?body=1" for ::1 at 2015-11-07 11:09:06 -0800


Started GET "/assets/jquery_ujs.self-d456baa54c1fa6be2ec3711f0a72ddf7a5b2f34a6b4f515f33767d6207b7d4b3.js?body=1" for ::1 at 2015-11-07 11:09:06 -0800


Started GET "/assets/main.self-d58f7d7e8abf794f7b5c30e0685d44fa034f02c1b9be19223148481f1ea24517.css?body=1" for ::1 at 2015-11-07 11:09:06 -0800


Started GET "/assets/main.self-ad5841946a873520c656b32c857685108401e3f24eb15c45f34c6446296f3620.js?body=1" for ::1 at 2015-11-07 11:09:06 -0800


Started GET "/assets/property.self-877aef30ae1b040ab8a3aba4e3e309a11d7f2612f44dde450b5c157aa5f95c05.js?body=1" for ::1 at 2015-11-07 11:09:06 -0800


Started GET "/assets/application.self-f8806224e027f3e3f0138ea9ce99319e298dfdb323304d1f1be6eae8e8c74724.js?body=1" for ::1 at 2015-11-07 11:09:06 -0800


Started GET "/" for ::1 at 2015-11-07 11:09:12 -0800
Processing by PropertyController#index as HTML
  Rendered property/index.html.erb within layouts/application (0.0ms)
Completed 200 OK in 60ms (Views: 58.3ms | ActiveRecord: 0.0ms)


Started GET "/assets/main.self-74e2cdad202e99d1368c4d73b87b02b57ba13b68f493d0e6bddc897759c205c5.css?body=1" for ::1 at 2015-11-07 11:09:12 -0800


Started GET "/assets/jquery_ujs.self-d456baa54c1fa6be2ec3711f0a72ddf7a5b2f34a6b4f515f33767d6207b7d4b3.js?body=1" for ::1 at 2015-11-07 11:09:12 -0800


Started GET "/assets/jquery.self-a714331225dda820228db323939889f149aec0127aeb06255646b616ba1ca419.js?body=1" for ::1 at 2015-11-07 11:09:12 -0800


Started GET "/assets/property.self-e3b0c44298fc1c149afbf4c8996fb92427ae41e4649b934ca495991b7852b855.css?body=1" for ::1 at 2015-11-07 11:09:12 -0800


Started GET "/assets/application.self-dae5c5da7223ce739ad497817a3df9ba2fa2840da302653b11558b4f7d98bfc3.css?body=1" for ::1 at 2015-11-07 11:09:12 -0800


Started GET "/assets/main.self-ad5841946a873520c656b32c857685108401e3f24eb15c45f34c6446296f3620.js?body=1" for ::1 at 2015-11-07 11:09:12 -0800


Started GET "/assets/turbolinks.self-c37727e9bd6b2735da5c311aa83fead54ed0be6cc8bd9a65309e9c5abe2cbfff.js?body=1" for ::1 at 2015-11-07 11:09:12 -0800


Started GET "/assets/application.self-f8806224e027f3e3f0138ea9ce99319e298dfdb323304d1f1be6eae8e8c74724.js?body=1" for ::1 at 2015-11-07 11:09:12 -0800


Started GET "/assets/property.self-877aef30ae1b040ab8a3aba4e3e309a11d7f2612f44dde450b5c157aa5f95c05.js?body=1" for ::1 at 2015-11-07 11:09:12 -0800


Started GET "/" for ::1 at 2015-11-07 11:09:26 -0800
Processing by PropertyController#index as HTML
  Rendered property/index.html.erb within layouts/application (0.3ms)
Completed 200 OK in 52ms (Views: 51.2ms | ActiveRecord: 0.0ms)


Started GET "/assets/main.self-4e4e586138822933bd6be7ab0cfd283af7170ff42f117a9df7491bba749f236e.css?body=1" for ::1 at 2015-11-07 11:09:26 -0800


Started GET "/assets/property.self-e3b0c44298fc1c149afbf4c8996fb92427ae41e4649b934ca495991b7852b855.css?body=1" for ::1 at 2015-11-07 11:09:26 -0800


Started GET "/assets/jquery.self-a714331225dda820228db323939889f149aec0127aeb06255646b616ba1ca419.js?body=1" for ::1 at 2015-11-07 11:09:26 -0800


Started GET "/assets/jquery_ujs.self-d456baa54c1fa6be2ec3711f0a72ddf7a5b2f34a6b4f515f33767d6207b7d4b3.js?body=1" for ::1 at 2015-11-07 11:09:26 -0800


Started GET "/assets/main.self-ad5841946a873520c656b32c857685108401e3f24eb15c45f34c6446296f3620.js?body=1" for ::1 at 2015-11-07 11:09:26 -0800


Started GET "/assets/turbolinks.self-c37727e9bd6b2735da5c311aa83fead54ed0be6cc8bd9a65309e9c5abe2cbfff.js?body=1" for ::1 at 2015-11-07 11:09:26 -0800


Started GET "/assets/application.self-dae5c5da7223ce739ad497817a3df9ba2fa2840da302653b11558b4f7d98bfc3.css?body=1" for ::1 at 2015-11-07 11:09:26 -0800


Started GET "/assets/property.self-877aef30ae1b040ab8a3aba4e3e309a11d7f2612f44dde450b5c157aa5f95c05.js?body=1" for ::1 at 2015-11-07 11:09:26 -0800


Started GET "/assets/application.self-f8806224e027f3e3f0138ea9ce99319e298dfdb323304d1f1be6eae8e8c74724.js?body=1" for ::1 at 2015-11-07 11:09:26 -0800


Started GET "/" for ::1 at 2015-11-07 11:09:32 -0800
Processing by PropertyController#index as HTML
  Rendered property/index.html.erb within layouts/application (0.0ms)
Completed 200 OK in 54ms (Views: 53.1ms | ActiveRecord: 0.0ms)


Started GET "/assets/main.self-ac16853b2b26dabf1948fd1ce3146b577e7820b963b900cac101274c58479981.css?body=1" for ::1 at 2015-11-07 11:09:32 -0800


Started GET "/assets/property.self-e3b0c44298fc1c149afbf4c8996fb92427ae41e4649b934ca495991b7852b855.css?body=1" for ::1 at 2015-11-07 11:09:32 -0800


Started GET "/assets/application.self-dae5c5da7223ce739ad497817a3df9ba2fa2840da302653b11558b4f7d98bfc3.css?body=1" for ::1 at 2015-11-07 11:09:32 -0800


Started GET "/assets/main.self-ad5841946a873520c656b32c857685108401e3f24eb15c45f34c6446296f3620.js?body=1" for ::1 at 2015-11-07 11:09:32 -0800


Started GET "/assets/jquery.self-a714331225dda820228db323939889f149aec0127aeb06255646b616ba1ca419.js?body=1" for ::1 at 2015-11-07 11:09:32 -0800


Started GET "/assets/jquery_ujs.self-d456baa54c1fa6be2ec3711f0a72ddf7a5b2f34a6b4f515f33767d6207b7d4b3.js?body=1" for ::1 at 2015-11-07 11:09:32 -0800


Started GET "/assets/turbolinks.self-c37727e9bd6b2735da5c311aa83fead54ed0be6cc8bd9a65309e9c5abe2cbfff.js?body=1" for ::1 at 2015-11-07 11:09:32 -0800


Started GET "/assets/property.self-877aef30ae1b040ab8a3aba4e3e309a11d7f2612f44dde450b5c157aa5f95c05.js?body=1" for ::1 at 2015-11-07 11:09:32 -0800


Started GET "/assets/application.self-f8806224e027f3e3f0138ea9ce99319e298dfdb323304d1f1be6eae8e8c74724.js?body=1" for ::1 at 2015-11-07 11:09:32 -0800
